# JRE version: Java(TM) SE Runtime Environment (17.0.10+11) (build 17.0.10+11-LTS-240)
# Java VM: Java HotSpot(TM) 64-Bit Server VM (17.0.10+11-LTS-240, mixed mode, emulated-client, sharing, tiered, compressed oops, compressed class ptrs, g1 gc, windows-amd64)
GC Precious Log:
 CPUs: 8 total, 8 available
 Memory: 8078M
 Large Page Support: Disabled
 NUMA Support: Disabled
 Compressed Oops: Enabled (32-bit)
 Heap Region Size: 1M
 Heap Min Capacity: 8M
 Heap Initial Capacity: 128M
 Heap Max Capacity: 2020M
 Pre-touch: Disabled
 Parallel Workers: 8
 Concurrent Workers: 2
 Concurrent Refinement Workers: 8
 Periodic GC: Disabled
Heap:
 garbage-first heap   total 83968K, used 40434K [0x0000000081c00000, 0x0000000100000000)
  region size 1024K, 1 young (1024K), 1 survivors (1024K)
 Metaspace       used 75683K, committed 76352K, reserved 1114112K
  class space    used 11190K, committed 11520K, reserved 1048576K
GC Heap History (20 events):
Event: 15.087 GC heap after
{Heap after GC invocations=33 (full 0):
 garbage-first heap   total 68608K, used 39835K [0x0000000081c00000, 0x0000000100000000)
  region size 1024K, 3 young (3072K), 3 survivors (3072K)
 Metaspace       used 71046K, committed 71744K, reserved 1114112K
  class space    used 10426K, committed 10752K, reserved 1048576K
}
Event: 15.198 GC heap before
{Heap before GC invocations=33 (full 0):
 garbage-first heap   total 68608K, used 39835K [0x0000000081c00000, 0x0000000100000000)
  region size 1024K, 4 young (4096K), 3 survivors (3072K)
 Metaspace       used 71300K, committed 71936K, reserved 1114112K
  class space    used 10457K, committed 10752K, reserved 1048576K
}
Event: 15.204 GC heap after
{Heap after GC invocations=34 (full 0):
 garbage-first heap   total 68608K, used 40158K [0x0000000081c00000, 0x0000000100000000)
  region size 1024K, 1 young (1024K), 1 survivors (1024K)
 Metaspace       used 71300K, committed 71936K, reserved 1114112K
  class space    used 10457K, committed 10752K, reserved 1048576K
}
Event: 15.767 GC heap before
{Heap before GC invocations=34 (full 0):
 garbage-first heap   total 68608K, used 54494K [0x0000000081c00000, 0x0000000100000000)
  region size 1024K, 16 young (16384K), 1 survivors (1024K)
 Metaspace       used 73878K, committed 74560K, reserved 1114112K
  class space    used 10880K, committed 11200K, reserved 1048576K
}
Event: 15.773 GC heap after
{Heap after GC invocations=35 (full 0):
 garbage-first heap   total 83968K, used 41003K [0x0000000081c00000, 0x0000000100000000)
  region size 1024K, 2 young (2048K), 2 survivors (2048K)
 Metaspace       used 73878K, committed 74560K, reserved 1114112K
  class space    used 10880K, committed 11200K, reserved 1048576K
}
Event: 16.839 GC heap before
{Heap before GC invocations=36 (full 0):
 garbage-first heap   total 83968K, used 66603K [0x0000000081c00000, 0x0000000100000000)
  region size 1024K, 27 young (27648K), 2 survivors (2048K)
 Metaspace       used 75687K, committed 76352K, reserved 1114112K
  class space    used 11190K, committed 11520K, reserved 1048576K
}
Event: 16.842 GC heap after
{Heap after GC invocations=37 (full 0):
 garbage-first heap   total 83968K, used 41387K [0x0000000081c00000, 0x0000000100000000)
  region size 1024K, 2 young (2048K), 2 survivors (2048K)
 Metaspace       used 75687K, committed 76352K, reserved 1114112K
  class space    used 11190K, committed 11520K, reserved 1048576K
}
Event: 16.887 GC heap before
{Heap before GC invocations=37 (full 0):
 garbage-first heap   total 83968K, used 43435K [0x0000000081c00000, 0x0000000100000000)
  region size 1024K, 4 young (4096K), 2 survivors (2048K)
 Metaspace       used 75687K, committed 76352K, reserved 1114112K
  class space    used 11190K, committed 11520K, reserved 1048576K
}
Event: 16.894 GC heap after
{Heap after GC invocations=38 (full 0):
 garbage-first heap   total 83968K, used 41044K [0x0000000081c00000, 0x0000000100000000)
  region size 1024K, 1 young (1024K), 1 survivors (1024K)
 Metaspace       used 75687K, committed 76352K, reserved 1114112K
  class space    used 11190K, committed 11520K, reserved 1048576K
}
Event: 18.098 GC heap before
{Heap before GC invocations=38 (full 0):
 garbage-first heap   total 83968K, used 67668K [0x0000000081c00000, 0x0000000100000000)
  region size 1024K, 27 young (27648K), 1 survivors (1024K)
 Metaspace       used 75693K, committed 76352K, reserved 1114112K
  class space    used 11194K, committed 11520K, reserved 1048576K
}
Event: 18.099 GC heap after
{Heap after GC invocations=39 (full 0):
 garbage-first heap   total 83968K, used 41003K [0x0000000081c00000, 0x0000000100000000)
  region size 1024K, 1 young (1024K), 1 survivors (1024K)
 Metaspace       used 75693K, committed 76352K, reserved 1114112K
  class space    used 11194K, committed 11520K, reserved 1048576K
}
Event: 18.374 GC heap before
{Heap before GC invocations=40 (full 0):
 garbage-first heap   total 83968K, used 68651K [0x0000000081c00000, 0x0000000100000000)
  region size 1024K, 28 young (28672K), 1 survivors (1024K)
 Metaspace       used 75683K, committed 76352K, reserved 1114112K
  class space    used 11190K, committed 11520K, reserved 1048576K
}
Event: 18.376 GC heap after
{Heap after GC invocations=41 (full 0):
 garbage-first heap   total 83968K, used 41053K [0x0000000081c00000, 0x0000000100000000)
  region size 1024K, 1 young (1024K), 1 survivors (1024K)
 Metaspace       used 75683K, committed 76352K, reserved 1114112K
  class space    used 11190K, committed 11520K, reserved 1048576K
}
Event: 18.400 GC heap before
{Heap before GC invocations=41 (full 0):
 garbage-first heap   total 83968K, used 44125K [0x0000000081c00000, 0x0000000100000000)
  region size 1024K, 4 young (4096K), 1 survivors (1024K)
 Metaspace       used 75683K, committed 76352K, reserved 1114112K
  class space    used 11190K, committed 11520K, reserved 1048576K
}
Event: 18.403 GC heap after
{Heap after GC invocations=42 (full 0):
 garbage-first heap   total 83968K, used 40719K [0x0000000081c00000, 0x0000000100000000)
  region size 1024K, 1 young (1024K), 1 survivors (1024K)
 Metaspace       used 75683K, committed 76352K, reserved 1114112K
  class space    used 11190K, committed 11520K, reserved 1048576K
}
Event: 18.660 GC heap before
{Heap before GC invocations=42 (full 0):
 garbage-first heap   total 83968K, used 68367K [0x0000000081c00000, 0x0000000100000000)
  region size 1024K, 28 young (28672K), 1 survivors (1024K)
 Metaspace       used 75683K, committed 76352K, reserved 1114112K
  class space    used 11190K, committed 11520K, reserved 1048576K
}
Event: 18.662 GC heap after
{Heap after GC invocations=43 (full 0):
 garbage-first heap   total 83968K, used 40645K [0x0000000081c00000, 0x0000000100000000)
  region size 1024K, 1 young (1024K), 1 survivors (1024K)
 Metaspace       used 75683K, committed 76352K, reserved 1114112K
  class space    used 11190K, committed 11520K, reserved 1048576K
}
Event: 18.911 GC heap before
{Heap before GC invocations=44 (full 0):
 garbage-first heap   total 83968K, used 69317K [0x0000000081c00000, 0x0000000100000000)
  region size 1024K, 29 young (29696K), 1 survivors (1024K)
 Metaspace       used 75683K, committed 76352K, reserved 1114112K
  class space    used 11190K, committed 11520K, reserved 1048576K
}
Event: 18.913 GC heap after
{Heap after GC invocations=45 (full 0):
 garbage-first heap   total 83968K, used 40679K [0x0000000081c00000, 0x0000000100000000)
  region size 1024K, 1 young (1024K), 1 survivors (1024K)
 Metaspace       used 75683K, committed 76352K, reserved 1114112K
  class space    used 11190K, committed 11520K, reserved 1048576K
}
Event: 18.936 GC heap before
{Heap before GC invocations=45 (full 0):
 garbage-first heap   total 83968K, used 43751K [0x0000000081c00000, 0x0000000100000000)
  region size 1024K, 4 young (4096K), 1 survivors (1024K)
 Metaspace       used 75683K, committed 76352K, reserved 1114112K
  class space    used 11190K, committed 11520K, reserved 1048576K
}

