# JRE version: Java(TM) SE Runtime Environment (17.0.10+11) (build 17.0.10+11-LTS-240)
# Java VM: Java HotSpot(TM) 64-Bit Server VM (17.0.10+11-LTS-240, mixed mode, emulated-client, sharing, tiered, compressed oops, compressed class ptrs, g1 gc, windows-amd64)
GC Precious Log:
 CPUs: 8 total, 8 available
 Memory: 8078M
 Large Page Support: Disabled
 NUMA Support: Disabled
 Compressed Oops: Enabled (32-bit)
 Heap Region Size: 1M
 Heap Min Capacity: 8M
 Heap Initial Capacity: 128M
 Heap Max Capacity: 2020M
 Pre-touch: Disabled
 Parallel Workers: 8
 Concurrent Workers: 2
 Concurrent Refinement Workers: 8
 Periodic GC: Disabled
Heap:
 garbage-first heap   total 58368K, used 37028K [0x0000000081c00000, 0x0000000100000000)
  region size 1024K, 15 young (15360K), 3 survivors (3072K)
 Metaspace       used 46455K, committed 46912K, reserved 1114112K
  class space    used 6518K, committed 6720K, reserved 1048576K
GC Heap History (20 events):
Event: 3.610 GC heap before
{Heap before GC invocations=2 (full 0):
 garbage-first heap   total 131072K, used 59091K [0x0000000081c00000, 0x0000000100000000)
  region size 1024K, 51 young (52224K), 2 survivors (2048K)
 Metaspace       used 20088K, committed 20416K, reserved 1114112K
  class space    used 2758K, committed 2944K, reserved 1048576K
}
Event: 3.615 GC heap after
{Heap after GC invocations=3 (full 0):
 garbage-first heap   total 131072K, used 13370K [0x0000000081c00000, 0x0000000100000000)
  region size 1024K, 5 young (5120K), 5 survivors (5120K)
 Metaspace       used 20088K, committed 20416K, reserved 1114112K
  class space    used 2758K, committed 2944K, reserved 1048576K
}
Event: 3.719 GC heap before
{Heap before GC invocations=3 (full 0):
 garbage-first heap   total 131072K, used 19514K [0x0000000081c00000, 0x0000000100000000)
  region size 1024K, 12 young (12288K), 5 survivors (5120K)
 Metaspace       used 21230K, committed 21504K, reserved 1114112K
  class space    used 2909K, committed 3072K, reserved 1048576K
}
Event: 3.724 GC heap after
{Heap after GC invocations=4 (full 0):
 garbage-first heap   total 131072K, used 13850K [0x0000000081c00000, 0x0000000100000000)
  region size 1024K, 6 young (6144K), 6 survivors (6144K)
 Metaspace       used 21230K, committed 21504K, reserved 1114112K
  class space    used 2909K, committed 3072K, reserved 1048576K
}
Event: 4.651 GC heap before
{Heap before GC invocations=5 (full 0):
 garbage-first heap   total 58368K, used 41498K [0x0000000081c00000, 0x0000000100000000)
  region size 1024K, 34 young (34816K), 6 survivors (6144K)
 Metaspace       used 23309K, committed 23616K, reserved 1114112K
  class space    used 3258K, committed 3392K, reserved 1048576K
}
Event: 4.658 GC heap after
{Heap after GC invocations=6 (full 0):
 garbage-first heap   total 58368K, used 16203K [0x0000000081c00000, 0x0000000100000000)
  region size 1024K, 3 young (3072K), 3 survivors (3072K)
 Metaspace       used 23309K, committed 23616K, reserved 1114112K
  class space    used 3258K, committed 3392K, reserved 1048576K
}
Event: 4.699 GC heap before
{Heap before GC invocations=6 (full 0):
 garbage-first heap   total 58368K, used 17227K [0x0000000081c00000, 0x0000000100000000)
  region size 1024K, 4 young (4096K), 3 survivors (3072K)
 Metaspace       used 23452K, committed 23744K, reserved 1114112K
  class space    used 3279K, committed 3392K, reserved 1048576K
}
Event: 4.702 GC heap after
{Heap after GC invocations=7 (full 0):
 garbage-first heap   total 58368K, used 16584K [0x0000000081c00000, 0x0000000100000000)
  region size 1024K, 1 young (1024K), 1 survivors (1024K)
 Metaspace       used 23452K, committed 23744K, reserved 1114112K
  class space    used 3279K, committed 3392K, reserved 1048576K
}
Event: 5.533 GC heap before
{Heap before GC invocations=7 (full 0):
 garbage-first heap   total 58368K, used 41160K [0x0000000081c00000, 0x0000000100000000)
  region size 1024K, 25 young (25600K), 1 survivors (1024K)
 Metaspace       used 26293K, committed 26688K, reserved 1114112K
  class space    used 3666K, committed 3840K, reserved 1048576K
}
Event: 5.537 GC heap after
{Heap after GC invocations=8 (full 0):
 garbage-first heap   total 58368K, used 17570K [0x0000000081c00000, 0x0000000100000000)
  region size 1024K, 2 young (2048K), 2 survivors (2048K)
 Metaspace       used 26293K, committed 26688K, reserved 1114112K
  class space    used 3666K, committed 3840K, reserved 1048576K
}
Event: 6.811 GC heap before
{Heap before GC invocations=8 (full 0):
 garbage-first heap   total 58368K, used 42146K [0x0000000081c00000, 0x0000000100000000)
  region size 1024K, 26 young (26624K), 2 survivors (2048K)
 Metaspace       used 29533K, committed 30016K, reserved 1114112K
  class space    used 4169K, committed 4416K, reserved 1048576K
}
Event: 6.816 GC heap after
{Heap after GC invocations=9 (full 0):
 garbage-first heap   total 58368K, used 19651K [0x0000000081c00000, 0x0000000100000000)
  region size 1024K, 4 young (4096K), 4 survivors (4096K)
 Metaspace       used 29533K, committed 30016K, reserved 1114112K
  class space    used 4169K, committed 4416K, reserved 1048576K
}
Event: 7.566 GC heap before
{Heap before GC invocations=9 (full 0):
 garbage-first heap   total 58368K, used 42179K [0x0000000081c00000, 0x0000000100000000)
  region size 1024K, 27 young (27648K), 4 survivors (4096K)
 Metaspace       used 33471K, committed 33920K, reserved 1114112K
  class space    used 4661K, committed 4864K, reserved 1048576K
}
Event: 7.572 GC heap after
{Heap after GC invocations=10 (full 0):
 garbage-first heap   total 58368K, used 21627K [0x0000000081c00000, 0x0000000100000000)
  region size 1024K, 3 young (3072K), 3 survivors (3072K)
 Metaspace       used 33471K, committed 33920K, reserved 1114112K
  class space    used 4661K, committed 4864K, reserved 1048576K
}
Event: 8.000 GC heap before
{Heap before GC invocations=10 (full 0):
 garbage-first heap   total 58368K, used 34939K [0x0000000081c00000, 0x0000000100000000)
  region size 1024K, 17 young (17408K), 3 survivors (3072K)
 Metaspace       used 35475K, committed 35968K, reserved 1114112K
  class space    used 4939K, committed 5184K, reserved 1048576K
}
Event: 8.003 GC heap after
{Heap after GC invocations=11 (full 0):
 garbage-first heap   total 58368K, used 22430K [0x0000000081c00000, 0x0000000100000000)
  region size 1024K, 1 young (1024K), 1 survivors (1024K)
 Metaspace       used 35475K, committed 35968K, reserved 1114112K
  class space    used 4939K, committed 5184K, reserved 1048576K
}
Event: 8.907 GC heap before
{Heap before GC invocations=12 (full 0):
 garbage-first heap   total 58368K, used 42910K [0x0000000081c00000, 0x0000000100000000)
  region size 1024K, 22 young (22528K), 1 survivors (1024K)
 Metaspace       used 39708K, committed 40192K, reserved 1114112K
  class space    used 5641K, committed 5888K, reserved 1048576K
}
Event: 8.909 GC heap after
{Heap after GC invocations=13 (full 0):
 garbage-first heap   total 58368K, used 23776K [0x0000000081c00000, 0x0000000100000000)
  region size 1024K, 3 young (3072K), 3 survivors (3072K)
 Metaspace       used 39708K, committed 40192K, reserved 1114112K
  class space    used 5641K, committed 5888K, reserved 1048576K
}
Event: 9.586 GC heap before
{Heap before GC invocations=13 (full 0):
 garbage-first heap   total 58368K, used 44256K [0x0000000081c00000, 0x0000000100000000)
  region size 1024K, 23 young (23552K), 3 survivors (3072K)
 Metaspace       used 44543K, committed 44992K, reserved 1114112K
  class space    used 6244K, committed 6464K, reserved 1048576K
}
Event: 9.589 GC heap after
{Heap after GC invocations=14 (full 0):
 garbage-first heap   total 58368K, used 25764K [0x0000000081c00000, 0x0000000100000000)
  region size 1024K, 3 young (3072K), 3 survivors (3072K)
 Metaspace       used 44543K, committed 44992K, reserved 1114112K
  class space    used 6244K, committed 6464K, reserved 1048576K
}

