# JRE version: Java(TM) SE Runtime Environment (17.0.10+11) (build 17.0.10+11-LTS-240)
# Java VM: Java HotSpot(TM) 64-Bit Server VM (17.0.10+11-LTS-240, mixed mode, emulated-client, sharing, tiered, compressed oops, compressed class ptrs, g1 gc, windows-amd64)
GC Precious Log:
 CPUs: 8 total, 8 available
 Memory: 8078M
 Large Page Support: Disabled
 NUMA Support: Disabled
 Compressed Oops: Enabled (32-bit)
 Heap Region Size: 1M
 Heap Min Capacity: 8M
 Heap Initial Capacity: 128M
 Heap Max Capacity: 2020M
 Pre-touch: Disabled
 Parallel Workers: 8
 Concurrent Workers: 2
 Concurrent Refinement Workers: 8
 Periodic GC: Disabled
Heap:
 garbage-first heap   total 55296K, used 32724K [0x0000000081c00000, 0x0000000100000000)
  region size 1024K, 8 young (8192K), 3 survivors (3072K)
 Metaspace       used 58572K, committed 59072K, reserved 1114112K
  class space    used 8440K, committed 8704K, reserved 1048576K
GC Heap History (20 events):
Event: 13.265 GC heap before
{Heap before GC invocations=9 (full 0):
 garbage-first heap   total 55296K, used 39600K [0x0000000081c00000, 0x0000000100000000)
  region size 1024K, 24 young (24576K), 3 survivors (3072K)
 Metaspace       used 32633K, committed 33024K, reserved 1114112K
  class space    used 4531K, committed 4736K, reserved 1048576K
}
Event: 13.272 GC heap after
{Heap after GC invocations=10 (full 0):
 garbage-first heap   total 55296K, used 21144K [0x0000000081c00000, 0x0000000100000000)
  region size 1024K, 2 young (2048K), 2 survivors (2048K)
 Metaspace       used 32633K, committed 33024K, reserved 1114112K
  class space    used 4531K, committed 4736K, reserved 1048576K
}
Event: 14.831 GC heap before
{Heap before GC invocations=10 (full 0):
 garbage-first heap   total 55296K, used 39576K [0x0000000081c00000, 0x0000000100000000)
  region size 1024K, 21 young (21504K), 2 survivors (2048K)
 Metaspace       used 35649K, committed 36160K, reserved 1114112K
  class space    used 4964K, committed 5248K, reserved 1048576K
}
Event: 14.836 GC heap after
{Heap after GC invocations=11 (full 0):
 garbage-first heap   total 55296K, used 22314K [0x0000000081c00000, 0x0000000100000000)
  region size 1024K, 2 young (2048K), 2 survivors (2048K)
 Metaspace       used 35649K, committed 36160K, reserved 1114112K
  class space    used 4964K, committed 5248K, reserved 1048576K
}
Event: 15.902 GC heap before
{Heap before GC invocations=12 (full 0):
 garbage-first heap   total 55296K, used 40746K [0x0000000081c00000, 0x0000000100000000)
  region size 1024K, 21 young (21504K), 2 survivors (2048K)
 Metaspace       used 39217K, committed 39744K, reserved 1114112K
  class space    used 5565K, committed 5824K, reserved 1048576K
}
Event: 15.905 GC heap after
{Heap after GC invocations=13 (full 0):
 garbage-first heap   total 55296K, used 23450K [0x0000000081c00000, 0x0000000100000000)
  region size 1024K, 3 young (3072K), 3 survivors (3072K)
 Metaspace       used 39217K, committed 39744K, reserved 1114112K
  class space    used 5565K, committed 5824K, reserved 1048576K
}
Event: 15.977 GC heap before
{Heap before GC invocations=13 (full 0):
 garbage-first heap   total 55296K, used 24474K [0x0000000081c00000, 0x0000000100000000)
  region size 1024K, 4 young (4096K), 3 survivors (3072K)
 Metaspace       used 39373K, committed 39872K, reserved 1114112K
  class space    used 5580K, committed 5824K, reserved 1048576K
}
Event: 15.981 GC heap after
{Heap after GC invocations=14 (full 0):
 garbage-first heap   total 55296K, used 23034K [0x0000000081c00000, 0x0000000100000000)
  region size 1024K, 1 young (1024K), 1 survivors (1024K)
 Metaspace       used 39373K, committed 39872K, reserved 1114112K
  class space    used 5580K, committed 5824K, reserved 1048576K
}
Event: 17.237 GC heap before
{Heap before GC invocations=14 (full 0):
 garbage-first heap   total 55296K, used 41466K [0x0000000081c00000, 0x0000000100000000)
  region size 1024K, 19 young (19456K), 1 survivors (1024K)
 Metaspace       used 44133K, committed 44608K, reserved 1114112K
  class space    used 6181K, committed 6400K, reserved 1048576K
}
Event: 17.240 GC heap after
{Heap after GC invocations=15 (full 0):
 garbage-first heap   total 55296K, used 25138K [0x0000000081c00000, 0x0000000100000000)
  region size 1024K, 3 young (3072K), 3 survivors (3072K)
 Metaspace       used 44133K, committed 44608K, reserved 1114112K
  class space    used 6181K, committed 6400K, reserved 1048576K
}
Event: 18.188 GC heap before
{Heap before GC invocations=15 (full 0):
 garbage-first heap   total 55296K, used 41522K [0x0000000081c00000, 0x0000000100000000)
  region size 1024K, 19 young (19456K), 3 survivors (3072K)
 Metaspace       used 46813K, committed 47296K, reserved 1114112K
  class space    used 6549K, committed 6784K, reserved 1048576K
}
Event: 18.192 GC heap after
{Heap after GC invocations=16 (full 0):
 garbage-first heap   total 55296K, used 26043K [0x0000000081c00000, 0x0000000100000000)
  region size 1024K, 1 young (1024K), 1 survivors (1024K)
 Metaspace       used 46813K, committed 47296K, reserved 1114112K
  class space    used 6549K, committed 6784K, reserved 1048576K
}
Event: 18.828 GC heap before
{Heap before GC invocations=16 (full 0):
 garbage-first heap   total 55296K, used 42427K [0x0000000081c00000, 0x0000000100000000)
  region size 1024K, 18 young (18432K), 1 survivors (1024K)
 Metaspace       used 51356K, committed 51840K, reserved 1114112K
  class space    used 7221K, committed 7424K, reserved 1048576K
}
Event: 18.830 GC heap after
{Heap after GC invocations=17 (full 0):
 garbage-first heap   total 55296K, used 26641K [0x0000000081c00000, 0x0000000100000000)
  region size 1024K, 2 young (2048K), 2 survivors (2048K)
 Metaspace       used 51356K, committed 51840K, reserved 1114112K
  class space    used 7221K, committed 7424K, reserved 1048576K
}
Event: 19.914 GC heap before
{Heap before GC invocations=18 (full 0):
 garbage-first heap   total 55296K, used 44049K [0x0000000081c00000, 0x0000000100000000)
  region size 1024K, 19 young (19456K), 2 survivors (2048K)
 Metaspace       used 54041K, committed 54528K, reserved 1114112K
  class space    used 7789K, committed 8000K, reserved 1048576K
}
Event: 19.917 GC heap after
{Heap after GC invocations=19 (full 0):
 garbage-first heap   total 55296K, used 27155K [0x0000000081c00000, 0x0000000100000000)
  region size 1024K, 3 young (3072K), 3 survivors (3072K)
 Metaspace       used 54041K, committed 54528K, reserved 1114112K
  class space    used 7789K, committed 8000K, reserved 1048576K
}
Event: 20.290 GC heap before
{Heap before GC invocations=19 (full 0):
 garbage-first heap   total 55296K, used 43539K [0x0000000081c00000, 0x0000000100000000)
  region size 1024K, 19 young (19456K), 3 survivors (3072K)
 Metaspace       used 54220K, committed 54720K, reserved 1114112K
  class space    used 7817K, committed 8000K, reserved 1048576K
}
Event: 20.293 GC heap after
{Heap after GC invocations=20 (full 0):
 garbage-first heap   total 55296K, used 27454K [0x0000000081c00000, 0x0000000100000000)
  region size 1024K, 2 young (2048K), 2 survivors (2048K)
 Metaspace       used 54220K, committed 54720K, reserved 1114112K
  class space    used 7817K, committed 8000K, reserved 1048576K
}
Event: 22.351 GC heap before
{Heap before GC invocations=21 (full 0):
 garbage-first heap   total 55296K, used 44862K [0x0000000081c00000, 0x0000000100000000)
  region size 1024K, 19 young (19456K), 2 survivors (2048K)
 Metaspace       used 57810K, committed 58368K, reserved 1114112K
  class space    used 8360K, committed 8640K, reserved 1048576K
}
Event: 22.356 GC heap after
{Heap after GC invocations=22 (full 0):
 garbage-first heap   total 55296K, used 28628K [0x0000000081c00000, 0x0000000100000000)
  region size 1024K, 3 young (3072K), 3 survivors (3072K)
 Metaspace       used 57810K, committed 58368K, reserved 1114112K
  class space    used 8360K, committed 8640K, reserved 1048576K
}

